c:\users\user\desktop\th_gp12_gp11b132_33_呉優\snowball\x64\debug\vc142.pdb
c:\users\user\desktop\th_gp12_gp11b132_33_呉優\snowball\x64\debug\vc142.idb
c:\users\user\desktop\th_gp12_gp11b132_33_呉優\snowball\x64\debug\shadow.obj
c:\users\user\desktop\th_gp12_gp11b132_33_呉優\snowball\x64\debug\score.obj
c:\users\user\desktop\th_gp12_gp11b132_33_呉優\snowball\x64\debug\result.obj
c:\users\user\desktop\th_gp12_gp11b132_33_呉優\snowball\x64\debug\renderer.obj
c:\users\user\desktop\th_gp12_gp11b132_33_呉優\snowball\x64\debug\player.obj
c:\users\user\desktop\th_gp12_gp11b132_33_呉優\snowball\x64\debug\particle.obj
c:\users\user\desktop\th_gp12_gp11b132_33_呉優\snowball\x64\debug\model.obj
c:\users\user\desktop\th_gp12_gp11b132_33_呉優\snowball\x64\debug\meshwall.obj
c:\users\user\desktop\th_gp12_gp11b132_33_呉優\snowball\x64\debug\meshfield.obj
c:\users\user\desktop\th_gp12_gp11b132_33_呉優\snowball\x64\debug\main.obj
c:\users\user\desktop\th_gp12_gp11b132_33_呉優\snowball\x64\debug\light.obj
c:\users\user\desktop\th_gp12_gp11b132_33_呉優\snowball\x64\debug\input.obj
c:\users\user\desktop\th_gp12_gp11b132_33_呉優\snowball\x64\debug\game.obj
c:\users\user\desktop\th_gp12_gp11b132_33_呉優\snowball\x64\debug\textbox.obj
c:\users\user\desktop\th_gp12_gp11b132_33_呉優\snowball\x64\debug\fade.obj
c:\users\user\desktop\th_gp12_gp11b132_33_呉優\snowball\x64\debug\enemy.obj
c:\users\user\desktop\th_gp12_gp11b132_33_呉優\snowball\x64\debug\debugproc.obj
c:\users\user\desktop\th_gp12_gp11b132_33_呉優\snowball\x64\debug\collision.obj
c:\users\user\desktop\th_gp12_gp11b132_33_呉優\snowball\x64\debug\camera.obj
c:\users\user\desktop\th_gp12_gp11b132_33_呉優\snowball\x64\debug\bullet.obj
c:\users\user\desktop\th_gp12_gp11b132_33_呉優\snowball\x64\debug\tutorial.obj
c:\users\user\desktop\th_gp12_gp11b132_33_呉優\snowball\x64\debug\tree.obj
c:\users\user\desktop\th_gp12_gp11b132_33_呉優\snowball\x64\debug\title.obj
c:\users\user\desktop\th_gp12_gp11b132_33_呉優\snowball\x64\debug\sprite.obj
c:\users\user\desktop\th_gp12_gp11b132_33_呉優\snowball\x64\debug\sound.obj
c:\users\user\desktop\th_gp12_gp11b132_33_呉優\snowball\x64\debug\snowballproject.exe
c:\users\user\desktop\th_gp12_gp11b132_33_呉優\snowball\x64\debug\snowballproject.ilk
c:\users\user\desktop\th_gp12_gp11b132_33_呉優\snowball\x64\debug\snowballproject.pdb
c:\users\user\desktop\th_gp12_gp11b132_33_呉優\snowball\x64\debug\snowballproject.tlog\cl.command.1.tlog
c:\users\user\desktop\th_gp12_gp11b132_33_呉優\snowball\x64\debug\snowballproject.tlog\cl.read.1.tlog
c:\users\user\desktop\th_gp12_gp11b132_33_呉優\snowball\x64\debug\snowballproject.tlog\cl.write.1.tlog
c:\users\user\desktop\th_gp12_gp11b132_33_呉優\snowball\x64\debug\snowballproject.tlog\link.command.1.tlog
c:\users\user\desktop\th_gp12_gp11b132_33_呉優\snowball\x64\debug\snowballproject.tlog\link.read.1.tlog
c:\users\user\desktop\th_gp12_gp11b132_33_呉優\snowball\x64\debug\snowballproject.tlog\link.write.1.tlog
