  bullet.cpp
  camera.cpp
  collision.cpp
  debugproc.cpp
  enemy.cpp
C:\Users\User\Desktop\TH_GP12_GP11B132_33_呉優\Snowball\enemy.cpp(29,1): warning C4005: 'SIZE_MAX': マクロが再定義されました。
C:\Program Files (x86)\Microsoft Visual Studio\2019\Community\VC\Tools\MSVC\14.29.30133\include\limits.h(64): message : 'SIZE_MAX' の以前の定義を確認してください
C:\Users\User\Desktop\TH_GP12_GP11B132_33_呉優\Snowball\enemy.cpp(64,14): warning C4244: '初期化中': 'int' から 'float' への変換です。データが失われる可能性があります。
C:\Users\User\Desktop\TH_GP12_GP11B132_33_呉優\Snowball\enemy.cpp(75,108): warning C4244: '引数': 'int' から 'float' への変換です。データが失われる可能性があります。
C:\Users\User\Desktop\TH_GP12_GP11B132_33_呉優\Snowball\enemy.cpp(75,49): warning C4244: '引数': 'int' から 'float' への変換です。データが失われる可能性があります。
  fade.cpp
  font.cpp
  game.cpp
C:\Users\User\Desktop\TH_GP12_GP11B132_33_呉優\Snowball\game.cpp(314,17): warning C4244: '引数': 'float' から 'int' への変換です。データが失われる可能性があります。
  input.cpp
  light.cpp
  main.cpp
  meshfield.cpp
  meshwall.cpp
  model.cpp
  particle.cpp
  player.cpp
  renderer.cpp
  result.cpp
  score.cpp
  shadow.cpp
  コードを生成中...
  コンパイル中...
  sound.cpp
  sprite.cpp
  title.cpp
  tree.cpp
  tutorial.cpp
  コードを生成中...
  SnowballProject.vcxproj -> C:\Users\User\Desktop\TH_GP12_GP11B132_33_呉優\Snowball\x64\Debug\SnowballProject.exe
